{"name": "test_settings_enter_invalid_emails", "status": "broken", "statusDetails": {"message": "selenium.common.exceptions.NoSuchElementException: Message: no such element: Unable to locate element: {\"method\":\"xpath\",\"selector\":\"//span[text()='Please enter a valid email address']\"}\n  (Session info: chrome=126.0.6478.114); For documentation on this error, please visit: https://www.selenium.dev/documentation/webdriver/troubleshooting/errors#no-such-element-exception\nStacktrace:\n\tGetHandleVerifier [0x00007FF6699EEEA2+31554]\n\t(No symbol) [0x00007FF669967ED9]\n\t(No symbol) [0x00007FF66982872A]\n\t(No symbol) [0x00007FF669878434]\n\t(No symbol) [0x00007FF66987853C]\n\t(No symbol) [0x00007FF6698BF6A7]\n\t(No symbol) [0x00007FF66989D06F]\n\t(No symbol) [0x00007FF6698BC977]\n\t(No symbol) [0x00007FF66989CDD3]\n\t(No symbol) [0x00007FF66986A33B]\n\t(No symbol) [0x00007FF66986AED1]\n\tGetHandleVerifier [0x00007FF669CF8B1D+3217341]\n\tGetHandleVerifier [0x00007FF669D45AE3+3532675]\n\tGetHandleVerifier [0x00007FF669D3B0E0+3489152]\n\tGetHandleVerifier [0x00007FF669A9E776+750614]\n\t(No symbol) [0x00007FF66997375F]\n\t(No symbol) [0x00007FF66996EB14]\n\t(No symbol) [0x00007FF66996ECA2]\n\t(No symbol) [0x00007FF66995E16F]\n\tBaseThreadInitThunk [0x00007FF8211E257D+29]\n\tRtlUserThreadStart [0x00007FF822C0AA48+40]", "trace": "self = <test_cases.test_Settings.Test_Settins object at 0x00000288302816A0>\nsetup = <selenium.webdriver.chrome.webdriver.WebDriver (session=\"e6b6aa545f103d4c58de5c64bf09c440\")>\n\n    def test_settings_enter_invalid_emails(self,setup):\n    \n        self.logger.info(\"*************** Test_Settings *********************\")\n        self.driver = setup\n    \n        test_cases = [\n    \n            (\n                \"tulasi@gmail.commmmmmm\", \"Please enter a valid email address\"),\n            (\"tulasi@gmail.c\", \"Please enter a valid email address\"),\n            (\"          \", \"Please enter a valid email address\"),\n            (\"tulasi@gmail.com \", \"Please enter a valid email address\"),\n    \n            (\"56554@@gmail.com\", \"Please enter a valid email address\"),\n            (\"#$%$#%^^^%$@@gmail.com\", \"Please enter a valid email address\")\n    \n        ]\n    \n        for settings_email, expected_text in test_cases:\n            self.logger.info(f\"*************** Testing Email: {settings_email} *********************\")\n            self.driver.get(self.loginpage_url)\n            self.driver.maximize_window()\n            time.sleep(2)\n            # --------- calling login page ------------#\n            self.login = Zoomview_Login_Page(self.driver)  # Corrected instantiation\n            self.login.enter_email(self.email)\n            self.login.enter_password(self.password)\n            self.login.click_login()\n            time.sleep(5)  # Wait for the login to process\n            # --------- calling settings page ---------#\n            self.settings = Zoomview_Settings_Page(self.driver)\n            self.settings.click_settings_dropdown()\n            time.sleep(1)\n            self.settings.click_settings_notification()\n            time.sleep(3)\n            self.settings.click_addemails()\n            time.sleep(4)\n    \n>           act_dashboard_text = self.driver.find_element(By.XPATH, \"//span[text()='Please enter a valid email address']\").text\n\ntest_cases\\test_Settings.py:174: \n_ _ _ _ _ _ _ _ _ _ _ _ _ _ _ _ _ _ _ _ _ _ _ _ _ _ _ _ _ _ _ _ _ _ _ _ _ _ _ _ _ _ _ _ _ _ _ _ _ _ _ _ _ _ _ _ _ _ _ _ _ _ _ _ _ _ _ \n.venv\\Lib\\site-packages\\selenium\\webdriver\\remote\\webdriver.py:741: in find_element\n    return self.execute(Command.FIND_ELEMENT, {\"using\": by, \"value\": value})[\"value\"]\n.venv\\Lib\\site-packages\\selenium\\webdriver\\remote\\webdriver.py:347: in execute\n    self.error_handler.check_response(response)\n_ _ _ _ _ _ _ _ _ _ _ _ _ _ _ _ _ _ _ _ _ _ _ _ _ _ _ _ _ _ _ _ _ _ _ _ _ _ _ _ _ _ _ _ _ _ _ _ _ _ _ _ _ _ _ _ _ _ _ _ _ _ _ _ _ _ _ \n\nself = <selenium.webdriver.remote.errorhandler.ErrorHandler object at 0x00000288302D4C80>\nresponse = {'status': 404, 'value': '{\"value\":{\"error\":\"no such element\",\"message\":\"no such element: Unable to locate element: {\\...07FF66995E16F]\\\\n\\\\tBaseThreadInitThunk [0x00007FF8211E257D+29]\\\\n\\\\tRtlUserThreadStart [0x00007FF822C0AA48+40]\\\\n\"}}'}\n\n    def check_response(self, response: Dict[str, Any]) -> None:\n        \"\"\"Checks that a JSON response from the WebDriver does not have an\n        error.\n    \n        :Args:\n         - response - The JSON response from the WebDriver server as a dictionary\n           object.\n    \n        :Raises: If the response contains an error message.\n        \"\"\"\n        status = response.get(\"status\", None)\n        if not status or status == ErrorCode.SUCCESS:\n            return\n        value = None\n        message = response.get(\"message\", \"\")\n        screen: str = response.get(\"screen\", \"\")\n        stacktrace = None\n        if isinstance(status, int):\n            value_json = response.get(\"value\", None)\n            if value_json and isinstance(value_json, str):\n                import json\n    \n                try:\n                    value = json.loads(value_json)\n                    if len(value) == 1:\n                        value = value[\"value\"]\n                    status = value.get(\"error\", None)\n                    if not status:\n                        status = value.get(\"status\", ErrorCode.UNKNOWN_ERROR)\n                        message = value.get(\"value\") or value.get(\"message\")\n                        if not isinstance(message, str):\n                            value = message\n                            message = message.get(\"message\")\n                    else:\n                        message = value.get(\"message\", None)\n                except ValueError:\n                    pass\n    \n        exception_class: Type[WebDriverException]\n        e = ErrorCode()\n        error_codes = [item for item in dir(e) if not item.startswith(\"__\")]\n        for error_code in error_codes:\n            error_info = getattr(ErrorCode, error_code)\n            if isinstance(error_info, list) and status in error_info:\n                exception_class = getattr(ExceptionMapping, error_code, WebDriverException)\n                break\n        else:\n            exception_class = WebDriverException\n    \n        if not value:\n            value = response[\"value\"]\n        if isinstance(value, str):\n            raise exception_class(value)\n        if message == \"\" and \"message\" in value:\n            message = value[\"message\"]\n    \n        screen = None  # type: ignore[assignment]\n        if \"screen\" in value:\n            screen = value[\"screen\"]\n    \n        stacktrace = None\n        st_value = value.get(\"stackTrace\") or value.get(\"stacktrace\")\n        if st_value:\n            if isinstance(st_value, str):\n                stacktrace = st_value.split(\"\\n\")\n            else:\n                stacktrace = []\n                try:\n                    for frame in st_value:\n                        line = frame.get(\"lineNumber\", \"\")\n                        file = frame.get(\"fileName\", \"<anonymous>\")\n                        if line:\n                            file = f\"{file}:{line}\"\n                        meth = frame.get(\"methodName\", \"<anonymous>\")\n                        if \"className\" in frame:\n                            meth = f\"{frame['className']}.{meth}\"\n                        msg = \"    at %s (%s)\"\n                        msg = msg % (meth, file)\n                        stacktrace.append(msg)\n                except TypeError:\n                    pass\n        if exception_class == UnexpectedAlertPresentException:\n            alert_text = None\n            if \"data\" in value:\n                alert_text = value[\"data\"].get(\"text\")\n            elif \"alert\" in value:\n                alert_text = value[\"alert\"].get(\"text\")\n            raise exception_class(message, screen, stacktrace, alert_text)  # type: ignore[call-arg]  # mypy is not smart enough here\n>       raise exception_class(message, screen, stacktrace)\nE       selenium.common.exceptions.NoSuchElementException: Message: no such element: Unable to locate element: {\"method\":\"xpath\",\"selector\":\"//span[text()='Please enter a valid email address']\"}\nE         (Session info: chrome=126.0.6478.114); For documentation on this error, please visit: https://www.selenium.dev/documentation/webdriver/troubleshooting/errors#no-such-element-exception\nE       Stacktrace:\nE       \tGetHandleVerifier [0x00007FF6699EEEA2+31554]\nE       \t(No symbol) [0x00007FF669967ED9]\nE       \t(No symbol) [0x00007FF66982872A]\nE       \t(No symbol) [0x00007FF669878434]\nE       \t(No symbol) [0x00007FF66987853C]\nE       \t(No symbol) [0x00007FF6698BF6A7]\nE       \t(No symbol) [0x00007FF66989D06F]\nE       \t(No symbol) [0x00007FF6698BC977]\nE       \t(No symbol) [0x00007FF66989CDD3]\nE       \t(No symbol) [0x00007FF66986A33B]\nE       \t(No symbol) [0x00007FF66986AED1]\nE       \tGetHandleVerifier [0x00007FF669CF8B1D+3217341]\nE       \tGetHandleVerifier [0x00007FF669D45AE3+3532675]\nE       \tGetHandleVerifier [0x00007FF669D3B0E0+3489152]\nE       \tGetHandleVerifier [0x00007FF669A9E776+750614]\nE       \t(No symbol) [0x00007FF66997375F]\nE       \t(No symbol) [0x00007FF66996EB14]\nE       \t(No symbol) [0x00007FF66996ECA2]\nE       \t(No symbol) [0x00007FF66995E16F]\nE       \tBaseThreadInitThunk [0x00007FF8211E257D+29]\nE       \tRtlUserThreadStart [0x00007FF822C0AA48+40]\n\n.venv\\Lib\\site-packages\\selenium\\webdriver\\remote\\errorhandler.py:229: NoSuchElementException"}, "attachments": [{"name": "log", "source": "a4fdc6f0-c966-4f60-8b0f-833fa1a64e68-attachment.txt", "type": "text/plain"}], "start": 1720005432579, "stop": 1720005450263, "uuid": "cc61dc13-507f-48bb-8e1d-2348b1b14472", "historyId": "da5df895824d307edfc4372eb7fa1653", "testCaseId": "da5df895824d307edfc4372eb7fa1653", "fullName": "test_cases.test_Settings.Test_Settins#test_settings_enter_invalid_emails", "labels": [{"name": "parentSuite", "value": "test_cases"}, {"name": "suite", "value": "test_Settings"}, {"name": "subSuite", "value": "Test_Settins"}, {"name": "host", "value": "ZCSU016-ZL"}, {"name": "thread", "value": "38324-MainThread"}, {"name": "framework", "value": "pytest"}, {"name": "language", "value": "cpython3"}, {"name": "package", "value": "test_cases.test_Settings"}]}