{"name": "test_settings_enteremail", "status": "broken", "statusDetails": {"message": "selenium.common.exceptions.ElementClickInterceptedException: Message: element click intercepted: Element <span>...</span> is not clickable at point (680, 427). Other element would receive the click: <button type=\"button\" class=\"ant-btn css-6j9yrn ant-btn-primary flex gap-2 items-center\" disabled=\"\">...</button>\n  (Session info: chrome=126.0.6478.114)\nStacktrace:\n\tGetHandleVerifier [0x00007FF7514BEEA2+31554]\n\t(No symbol) [0x00007FF751437ED9]\n\t(No symbol) [0x00007FF7512F872A]\n\t(No symbol) [0x00007FF75135012E]\n\t(No symbol) [0x00007FF75134DAF2]\n\t(No symbol) [0x00007FF75134AF8B]\n\t(No symbol) [0x00007FF75134A156]\n\t(No symbol) [0x00007FF75133C151]\n\t(No symbol) [0x00007FF75136D02A]\n\t(No symbol) [0x00007FF75133BA76]\n\t(No symbol) [0x00007FF75136D240]\n\t(No symbol) [0x00007FF75138C977]\n\t(No symbol) [0x00007FF75136CDD3]\n\t(No symbol) [0x00007FF75133A33B]\n\t(No symbol) [0x00007FF75133AED1]\n\tGetHandleVerifier [0x00007FF7517C8B1D+3217341]\n\tGetHandleVerifier [0x00007FF751815AE3+3532675]\n\tGetHandleVerifier [0x00007FF75180B0E0+3489152]\n\tGetHandleVerifier [0x00007FF75156E776+750614]\n\t(No symbol) [0x00007FF75144375F]\n\t(No symbol) [0x00007FF75143EB14]\n\t(No symbol) [0x00007FF75143ECA2]\n\t(No symbol) [0x00007FF75142E16F]\n\tBaseThreadInitThunk [0x00007FF8211E257D+29]\n\tRtlUserThreadStart [0x00007FF822C0AA48+40]", "trace": "self = <test_cases.test_Settings.Test_Settins object at 0x0000022F720CCCB0>\nsetup = <selenium.webdriver.chrome.webdriver.WebDriver (session=\"c6cd494f24ba667adf0809ff3783d470\")>\n\n    def test_settings_enteremail(self,setup):\n    \n        self.logger.info(\"*************** Test_Settings *********************\")\n        self.driver = setup\n        self.driver.get(self.loginpage_url)\n        self.driver.maximize_window()\n        time.sleep(2)\n        # --------- calling login page ------------#\n        self.login = Zoomview_Login_Page(self.driver)  # Corrected instantiation\n        self.login.enter_email(self.email)\n        self.login.enter_password(self.password)\n        self.login.click_login()\n        time.sleep(5)  # Wait for the login to process\n        # --------- calling settings page ---------#\n        self.settings = Zoomview_Settings_Page(self.driver)\n        self.settings.click_settings_dropdown()\n        time.sleep(1)\n        self.settings.click_settings_notification()\n        time.sleep(3)\n        self.settings.click_addemails()\n        self.settings.enter_settings_email(\"tulasiram1706@gmail.com\")\n        time.sleep(3)\n>       self.settings.click_savebutton()\n\ntest_cases\\test_Settings.py:76: \n_ _ _ _ _ _ _ _ _ _ _ _ _ _ _ _ _ _ _ _ _ _ _ _ _ _ _ _ _ _ _ _ _ _ _ _ _ _ _ _ _ _ _ _ _ _ _ _ _ _ _ _ _ _ _ _ _ _ _ _ _ _ _ _ _ _ _ \nbase_pages\\Settings_Page.py:35: in click_savebutton\n    self.driver.find_element(By.XPATH,self.button_save_xpath).click()\n.venv\\Lib\\site-packages\\selenium\\webdriver\\remote\\webelement.py:94: in click\n    self._execute(Command.CLICK_ELEMENT)\n.venv\\Lib\\site-packages\\selenium\\webdriver\\remote\\webelement.py:395: in _execute\n    return self._parent.execute(command, params)\n.venv\\Lib\\site-packages\\selenium\\webdriver\\remote\\webdriver.py:347: in execute\n    self.error_handler.check_response(response)\n_ _ _ _ _ _ _ _ _ _ _ _ _ _ _ _ _ _ _ _ _ _ _ _ _ _ _ _ _ _ _ _ _ _ _ _ _ _ _ _ _ _ _ _ _ _ _ _ _ _ _ _ _ _ _ _ _ _ _ _ _ _ _ _ _ _ _ \n\nself = <selenium.webdriver.remote.errorhandler.ErrorHandler object at 0x0000022F72D1C050>\nresponse = {'status': 400, 'value': '{\"value\":{\"error\":\"element click intercepted\",\"message\":\"element click intercepted: Element ...07FF75142E16F]\\\\n\\\\tBaseThreadInitThunk [0x00007FF8211E257D+29]\\\\n\\\\tRtlUserThreadStart [0x00007FF822C0AA48+40]\\\\n\"}}'}\n\n    def check_response(self, response: Dict[str, Any]) -> None:\n        \"\"\"Checks that a JSON response from the WebDriver does not have an\n        error.\n    \n        :Args:\n         - response - The JSON response from the WebDriver server as a dictionary\n           object.\n    \n        :Raises: If the response contains an error message.\n        \"\"\"\n        status = response.get(\"status\", None)\n        if not status or status == ErrorCode.SUCCESS:\n            return\n        value = None\n        message = response.get(\"message\", \"\")\n        screen: str = response.get(\"screen\", \"\")\n        stacktrace = None\n        if isinstance(status, int):\n            value_json = response.get(\"value\", None)\n            if value_json and isinstance(value_json, str):\n                import json\n    \n                try:\n                    value = json.loads(value_json)\n                    if len(value) == 1:\n                        value = value[\"value\"]\n                    status = value.get(\"error\", None)\n                    if not status:\n                        status = value.get(\"status\", ErrorCode.UNKNOWN_ERROR)\n                        message = value.get(\"value\") or value.get(\"message\")\n                        if not isinstance(message, str):\n                            value = message\n                            message = message.get(\"message\")\n                    else:\n                        message = value.get(\"message\", None)\n                except ValueError:\n                    pass\n    \n        exception_class: Type[WebDriverException]\n        e = ErrorCode()\n        error_codes = [item for item in dir(e) if not item.startswith(\"__\")]\n        for error_code in error_codes:\n            error_info = getattr(ErrorCode, error_code)\n            if isinstance(error_info, list) and status in error_info:\n                exception_class = getattr(ExceptionMapping, error_code, WebDriverException)\n                break\n        else:\n            exception_class = WebDriverException\n    \n        if not value:\n            value = response[\"value\"]\n        if isinstance(value, str):\n            raise exception_class(value)\n        if message == \"\" and \"message\" in value:\n            message = value[\"message\"]\n    \n        screen = None  # type: ignore[assignment]\n        if \"screen\" in value:\n            screen = value[\"screen\"]\n    \n        stacktrace = None\n        st_value = value.get(\"stackTrace\") or value.get(\"stacktrace\")\n        if st_value:\n            if isinstance(st_value, str):\n                stacktrace = st_value.split(\"\\n\")\n            else:\n                stacktrace = []\n                try:\n                    for frame in st_value:\n                        line = frame.get(\"lineNumber\", \"\")\n                        file = frame.get(\"fileName\", \"<anonymous>\")\n                        if line:\n                            file = f\"{file}:{line}\"\n                        meth = frame.get(\"methodName\", \"<anonymous>\")\n                        if \"className\" in frame:\n                            meth = f\"{frame['className']}.{meth}\"\n                        msg = \"    at %s (%s)\"\n                        msg = msg % (meth, file)\n                        stacktrace.append(msg)\n                except TypeError:\n                    pass\n        if exception_class == UnexpectedAlertPresentException:\n            alert_text = None\n            if \"data\" in value:\n                alert_text = value[\"data\"].get(\"text\")\n            elif \"alert\" in value:\n                alert_text = value[\"alert\"].get(\"text\")\n            raise exception_class(message, screen, stacktrace, alert_text)  # type: ignore[call-arg]  # mypy is not smart enough here\n>       raise exception_class(message, screen, stacktrace)\nE       selenium.common.exceptions.ElementClickInterceptedException: Message: element click intercepted: Element <span>...</span> is not clickable at point (680, 427). Other element would receive the click: <button type=\"button\" class=\"ant-btn css-6j9yrn ant-btn-primary flex gap-2 items-center\" disabled=\"\">...</button>\nE         (Session info: chrome=126.0.6478.114)\nE       Stacktrace:\nE       \tGetHandleVerifier [0x00007FF7514BEEA2+31554]\nE       \t(No symbol) [0x00007FF751437ED9]\nE       \t(No symbol) [0x00007FF7512F872A]\nE       \t(No symbol) [0x00007FF75135012E]\nE       \t(No symbol) [0x00007FF75134DAF2]\nE       \t(No symbol) [0x00007FF75134AF8B]\nE       \t(No symbol) [0x00007FF75134A156]\nE       \t(No symbol) [0x00007FF75133C151]\nE       \t(No symbol) [0x00007FF75136D02A]\nE       \t(No symbol) [0x00007FF75133BA76]\nE       \t(No symbol) [0x00007FF75136D240]\nE       \t(No symbol) [0x00007FF75138C977]\nE       \t(No symbol) [0x00007FF75136CDD3]\nE       \t(No symbol) [0x00007FF75133A33B]\nE       \t(No symbol) [0x00007FF75133AED1]\nE       \tGetHandleVerifier [0x00007FF7517C8B1D+3217341]\nE       \tGetHandleVerifier [0x00007FF751815AE3+3532675]\nE       \tGetHandleVerifier [0x00007FF75180B0E0+3489152]\nE       \tGetHandleVerifier [0x00007FF75156E776+750614]\nE       \t(No symbol) [0x00007FF75144375F]\nE       \t(No symbol) [0x00007FF75143EB14]\nE       \t(No symbol) [0x00007FF75143ECA2]\nE       \t(No symbol) [0x00007FF75142E16F]\nE       \tBaseThreadInitThunk [0x00007FF8211E257D+29]\nE       \tRtlUserThreadStart [0x00007FF822C0AA48+40]\n\n.venv\\Lib\\site-packages\\selenium\\webdriver\\remote\\errorhandler.py:229: ElementClickInterceptedException"}, "attachments": [{"name": "log", "source": "8243604c-37e4-425a-a9a9-9831b0d2d79a-attachment.txt", "type": "text/plain"}], "start": 1719993465845, "stop": 1719993484562, "uuid": "fe54332d-1479-44c7-bde5-1d4e04e27b00", "historyId": "087d7134646f3b07b9d06f141bacfb3a", "testCaseId": "087d7134646f3b07b9d06f141bacfb3a", "fullName": "test_cases.test_Settings.Test_Settins#test_settings_enteremail", "labels": [{"name": "parentSuite", "value": "test_cases"}, {"name": "suite", "value": "test_Settings"}, {"name": "subSuite", "value": "Test_Settins"}, {"name": "host", "value": "ZCSU016-ZL"}, {"name": "thread", "value": "14792-MainThread"}, {"name": "framework", "value": "pytest"}, {"name": "language", "value": "cpython3"}, {"name": "package", "value": "test_cases.test_Settings"}]}